[25164:14260:0510/114812.397:ERROR:rarecc_manager.cpp(923)] UserJsonFile::Load failed
[25164:14260:0510/114812.397:ERROR:rarecc_manager.cpp(674)] Load rarecc.dat failed: 
[25164:14260:0510/114812.419:WARNING:t_skinfilemap.cpp(63)] SGRenderLog:CheckUpdate newMem.OpenMem Suc, szNewMem:Local\sgime_skin.v2.filemap.sogouime
[25164:14260:0510/114812.419:WARNING:t_skinfilemap.cpp(65)] SGRenderLog:CheckUpdate finish: old version:1
[25164:14260:0510/114812.419:WARNING:t_skinfilemap.cpp(67)] SGRenderLog:CheckUpdate finish: new version:2
[25164:14260:0510/114812.459:WARNING:t_skinfilemap.cpp(63)] SGRenderLog:CheckUpdate newMem.OpenMem Suc, szNewMem:Local\sgime_skin.Dpi120.v2.filemap.sogouime
[25164:14260:0510/114812.459:WARNING:t_skinfilemap.cpp(65)] SGRenderLog:CheckUpdate finish: old version:2
[25164:14260:0510/114812.460:WARNING:t_skinfilemap.cpp(67)] SGRenderLog:CheckUpdate finish: new version:2
[8964:23672:0510/115136.260:ERROR:rarecc_manager.cpp(923)] UserJsonFile::Load failed
[8964:23672:0510/115136.260:ERROR:rarecc_manager.cpp(674)] Load rarecc.dat failed: 
[8964:23672:0510/115136.281:WARNING:t_skinfilemap.cpp(63)] SGRenderLog:CheckUpdate newMem.OpenMem Suc, szNewMem:Local\sgime_skin.v2.filemap.sogouime
[8964:23672:0510/115136.281:WARNING:t_skinfilemap.cpp(65)] SGRenderLog:CheckUpdate finish: old version:1
[8964:23672:0510/115136.281:WARNING:t_skinfilemap.cpp(67)] SGRenderLog:CheckUpdate finish: new version:2
[8964:23672:0510/115136.310:WARNING:t_skinfilemap.cpp(63)] SGRenderLog:CheckUpdate newMem.OpenMem Suc, szNewMem:Local\sgime_skin.Dpi120.v2.filemap.sogouime
[8964:23672:0510/115136.310:WARNING:t_skinfilemap.cpp(65)] SGRenderLog:CheckUpdate finish: old version:2
[8964:23672:0510/115136.310:WARNING:t_skinfilemap.cpp(67)] SGRenderLog:CheckUpdate finish: new version:2
[6496:24400:0510/115153.219:ERROR:rarecc_manager.cpp(923)] UserJsonFile::Load failed
[6496:24400:0510/115153.219:ERROR:rarecc_manager.cpp(674)] Load rarecc.dat failed: 
[6496:24400:0510/115153.241:WARNING:t_skinfilemap.cpp(63)] SGRenderLog:CheckUpdate newMem.OpenMem Suc, szNewMem:Local\sgime_skin.v2.filemap.sogouime
[6496:24400:0510/115153.241:WARNING:t_skinfilemap.cpp(65)] SGRenderLog:CheckUpdate finish: old version:1
[6496:24400:0510/115153.241:WARNING:t_skinfilemap.cpp(67)] SGRenderLog:CheckUpdate finish: new version:2
[6496:24400:0510/115153.269:WARNING:t_skinfilemap.cpp(63)] SGRenderLog:CheckUpdate newMem.OpenMem Suc, szNewMem:Local\sgime_skin.Dpi120.v2.filemap.sogouime
[6496:24400:0510/115153.269:WARNING:t_skinfilemap.cpp(65)] SGRenderLog:CheckUpdate finish: old version:2
[6496:24400:0510/115153.269:WARNING:t_skinfilemap.cpp(67)] SGRenderLog:CheckUpdate finish: new version:2
[24532:8968:0510/115259.572:ERROR:rarecc_manager.cpp(923)] UserJsonFile::Load failed
[24532:8968:0510/115259.572:ERROR:rarecc_manager.cpp(674)] Load rarecc.dat failed: 
[24532:8968:0510/115259.592:WARNING:t_skinfilemap.cpp(63)] SGRenderLog:CheckUpdate newMem.OpenMem Suc, szNewMem:Local\sgime_skin.v2.filemap.sogouime
[24532:8968:0510/115259.592:WARNING:t_skinfilemap.cpp(65)] SGRenderLog:CheckUpdate finish: old version:1
[24532:8968:0510/115259.593:WARNING:t_skinfilemap.cpp(67)] SGRenderLog:CheckUpdate finish: new version:2
[24532:8968:0510/115259.630:WARNING:t_skinfilemap.cpp(63)] SGRenderLog:CheckUpdate newMem.OpenMem Suc, szNewMem:Local\sgime_skin.Dpi120.v2.filemap.sogouime
[24532:8968:0510/115259.630:WARNING:t_skinfilemap.cpp(65)] SGRenderLog:CheckUpdate finish: old version:2
[24532:8968:0510/115259.630:WARNING:t_skinfilemap.cpp(67)] SGRenderLog:CheckUpdate finish: new version:2
[25984:18504:0510/115325.878:ERROR:rarecc_manager.cpp(923)] UserJsonFile::Load failed
[25984:18504:0510/115325.878:ERROR:rarecc_manager.cpp(674)] Load rarecc.dat failed: 
[25984:18504:0510/115325.897:WARNING:t_skinfilemap.cpp(63)] SGRenderLog:CheckUpdate newMem.OpenMem Suc, szNewMem:Local\sgime_skin.v2.filemap.sogouime
[25984:18504:0510/115325.897:WARNING:t_skinfilemap.cpp(65)] SGRenderLog:CheckUpdate finish: old version:1
[25984:18504:0510/115325.897:WARNING:t_skinfilemap.cpp(67)] SGRenderLog:CheckUpdate finish: new version:2
[25984:18504:0510/115325.926:WARNING:t_skinfilemap.cpp(63)] SGRenderLog:CheckUpdate newMem.OpenMem Suc, szNewMem:Local\sgime_skin.Dpi120.v2.filemap.sogouime
[25984:18504:0510/115325.926:WARNING:t_skinfilemap.cpp(65)] SGRenderLog:CheckUpdate finish: old version:2
[25984:18504:0510/115325.926:WARNING:t_skinfilemap.cpp(67)] SGRenderLog:CheckUpdate finish: new version:2
